# JRE version: 6.0_30-b30
# Java VM: OpenJDK 64-Bit Server VM (23.25-b01 mixed mode linux-amd64 compressed oops)
Heap
 PSYoungGen      total 344640K, used 224339K [0x00000007d6d60000, 0x00000007ee030000, 0x0000000800000000)
  eden space 311232K, 64% used [0x00000007d6d60000,0x00000007e30a5310,0x00000007e9d50000)
  from space 33408K, 72% used [0x00000007ebea0000,0x00000007ed66fae0,0x00000007edf40000)
  to   space 34112K, 0% used [0x00000007e9d50000,0x00000007e9d50000,0x00000007ebea0000)
 ParOldGen       total 100096K, used 84788K [0x0000000784800000, 0x000000078a9c0000, 0x00000007d6d60000)
  object space 100096K, 84% used [0x0000000784800000,0x0000000789acd368,0x000000078a9c0000)
 PSPermGen       total 56000K, used 28750K [0x000000077a200000, 0x000000077d8b0000, 0x0000000784800000)
  object space 56000K, 51% used [0x000000077a200000,0x000000077be13950,0x000000077d8b0000)
GC Heap History (10 events):
Event: 16000.539 GC heap before
{Heap before GC invocations=277 (full 5):
 PSYoungGen      total 251072K, used 250258K [0x00000007d6d60000, 0x00000007e9340000, 0x0000000800000000)
  eden space 230464K, 99% used [0x00000007d6d60000,0x00000007e4da63f0,0x00000007e4e70000)
  from space 20608K, 99% used [0x00000007e5d40000,0x00000007e715e778,0x00000007e7160000)
  to   space 33024K, 0% used [0x00000007e7300000,0x00000007e7300000,0x00000007e9340000)
 ParOldGen       total 100096K, used 76223K [0x0000000784800000, 0x000000078a9c0000, 0x00000007d6d60000)
  object space 100096K, 76% used [0x0000000784800000,0x000000078926fd20,0x000000078a9c0000)
 PSPermGen       total 56000K, used 28749K [0x000000077a200000, 0x000000077d8b0000, 0x0000000784800000)
  object space 56000K, 51% used [0x000000077a200000,0x000000077be13738,0x000000077d8b0000)
Event: 16000.543 GC heap after
Heap after GC invocations=277 (full 5):
 PSYoungGen      total 237568K, used 11986K [0x00000007d6d60000, 0x00000007e83d0000, 0x0000000800000000)
  eden space 220352K, 0% used [0x00000007d6d60000,0x00000007d6d60000,0x00000007e4490000)
  from space 17216K, 69% used [0x00000007e7300000,0x00000007e7eb4838,0x00000007e83d0000)
  to   space 32384K, 0% used [0x00000007e4490000,0x00000007e4490000,0x00000007e6430000)
 ParOldGen       total 100096K, used 76287K [0x0000000784800000, 0x000000078a9c0000, 0x00000007d6d60000)
  object space 100096K, 76% used [0x0000000784800000,0x000000078927fc88,0x000000078a9c0000)
 PSPermGen       total 56000K, used 28749K [0x000000077a200000, 0x000000077d8b0000, 0x0000000784800000)
  object space 56000K, 51% used [0x000000077a200000,0x000000077be13738,0x000000077d8b0000)
}
Event: 16000.767 GC heap before
{Heap before GC invocations=278 (full 5):
 PSYoungGen      total 237568K, used 231941K [0x00000007d6d60000, 0x00000007e83d0000, 0x0000000800000000)
  eden space 220352K, 99% used [0x00000007d6d60000,0x00000007e442ce40,0x00000007e4490000)
  from space 17216K, 69% used [0x00000007e7300000,0x00000007e7eb4838,0x00000007e83d0000)
  to   space 32384K, 0% used [0x00000007e4490000,0x00000007e4490000,0x00000007e6430000)
 ParOldGen       total 100096K, used 76287K [0x0000000784800000, 0x000000078a9c0000, 0x00000007d6d60000)
  object space 100096K, 76% used [0x0000000784800000,0x000000078927fc88,0x000000078a9c0000)
 PSPermGen       total 56000K, used 28750K [0x000000077a200000, 0x000000077d8b0000, 0x0000000784800000)
  object space 56000K, 51% used [0x000000077a200000,0x000000077be13950,0x000000077d8b0000)
Event: 16000.779 GC heap after
Heap after GC invocations=278 (full 5):
 PSYoungGen      total 252736K, used 23633K [0x00000007d6d60000, 0x00000007eaee0000, 0x0000000800000000)
  eden space 220352K, 0% used [0x00000007d6d60000,0x00000007d6d60000,0x00000007e4490000)
  from space 32384K, 72% used [0x00000007e4490000,0x00000007e5ba4460,0x00000007e6430000)
  to   space 33344K, 0% used [0x00000007e8e50000,0x00000007e8e50000,0x00000007eaee0000)
 ParOldGen       total 100096K, used 78832K [0x0000000784800000, 0x000000078a9c0000, 0x00000007d6d60000)
  object space 100096K, 78% used [0x0000000784800000,0x00000007894fc310,0x000000078a9c0000)
 PSPermGen       total 56000K, used 28750K [0x000000077a200000, 0x000000077d8b0000, 0x0000000784800000)
  object space 56000K, 51% used [0x000000077a200000,0x000000077be13950,0x000000077d8b0000)
}
Event: 16001.554 GC heap before
{Heap before GC invocations=279 (full 5):
 PSYoungGen      total 252736K, used 243768K [0x00000007d6d60000, 0x00000007eaee0000, 0x0000000800000000)
  eden space 220352K, 99% used [0x00000007d6d60000,0x00000007e4459cf0,0x00000007e4490000)
  from space 32384K, 72% used [0x00000007e4490000,0x00000007e5ba4460,0x00000007e6430000)
  to   space 33344K, 0% used [0x00000007e8e50000,0x00000007e8e50000,0x00000007eaee0000)
 ParOldGen       total 100096K, used 78832K [0x0000000784800000, 0x000000078a9c0000, 0x00000007d6d60000)
  object space 100096K, 78% used [0x0000000784800000,0x00000007894fc310,0x000000078a9c0000)
 PSPermGen       total 56000K, used 28750K [0x000000077a200000, 0x000000077d8b0000, 0x0000000784800000)
  object space 56000K, 51% used [0x000000077a200000,0x000000077be13950,0x000000077d8b0000)
Event: 16001.567 GC heap after
Heap after GC invocations=279 (full 5):
 PSYoungGen      total 294848K, used 20463K [0x00000007d6d60000, 0x00000007eadf0000, 0x0000000800000000)
  eden space 262464K, 0% used [0x00000007d6d60000,0x00000007d6d60000,0x00000007e6db0000)
  from space 32384K, 63% used [0x00000007e8e50000,0x00000007ea24bcd8,0x00000007eadf0000)
  to   space 32896K, 0% used [0x00000007e6db0000,0x00000007e6db0000,0x00000007e8dd0000)
 ParOldGen       total 100096K, used 80667K [0x0000000784800000, 0x000000078a9c0000, 0x00000007d6d60000)
  object space 100096K, 80% used [0x0000000784800000,0x00000007896c6c20,0x000000078a9c0000)
 PSPermGen       total 56000K, used 28750K [0x000000077a200000, 0x000000077d8b0000, 0x0000000784800000)
  object space 56000K, 51% used [0x000000077a200000,0x000000077be13950,0x000000077d8b0000)
}
Event: 16065.322 GC heap before
{Heap before GC invocations=280 (full 5):
 PSYoungGen      total 294848K, used 281792K [0x00000007d6d60000, 0x00000007eadf0000, 0x0000000800000000)
  eden space 262464K, 99% used [0x00000007d6d60000,0x00000007e6c94378,0x00000007e6db0000)
  from space 32384K, 63% used [0x00000007e8e50000,0x00000007ea24bcd8,0x00000007eadf0000)
  to   space 32896K, 0% used [0x00000007e6db0000,0x00000007e6db0000,0x00000007e8dd0000)
 ParOldGen       total 100096K, used 80667K [0x0000000784800000, 0x000000078a9c0000, 0x00000007d6d60000)
  object space 100096K, 80% used [0x0000000784800000,0x00000007896c6c20,0x000000078a9c0000)
 PSPermGen       total 56000K, used 28750K [0x000000077a200000, 0x000000077d8b0000, 0x0000000784800000)
  object space 56000K, 51% used [0x000000077a200000,0x000000077be13950,0x000000077d8b0000)
Event: 16065.328 GC heap after
Heap after GC invocations=280 (full 5):
 PSYoungGen      total 295360K, used 23245K [0x00000007d6d60000, 0x00000007edf40000, 0x0000000800000000)
  eden space 262464K, 0% used [0x00000007d6d60000,0x00000007d6d60000,0x00000007e6db0000)
  from space 32896K, 70% used [0x00000007e6db0000,0x00000007e8463790,0x00000007e8dd0000)
  to   space 33408K, 0% used [0x00000007ebea0000,0x00000007ebea0000,0x00000007edf40000)
 ParOldGen       total 100096K, used 83222K [0x0000000784800000, 0x000000078a9c0000, 0x00000007d6d60000)
  object space 100096K, 83% used [0x0000000784800000,0x0000000789945b70,0x000000078a9c0000)
 PSPermGen       total 56000K, used 28750K [0x000000077a200000, 0x000000077d8b0000, 0x0000000784800000)
  object space 56000K, 51% used [0x000000077a200000,0x000000077be13950,0x000000077d8b0000)
}
Event: 16066.228 GC heap before
{Heap before GC invocations=281 (full 5):
 PSYoungGen      total 295360K, used 285250K [0x00000007d6d60000, 0x00000007edf40000, 0x0000000800000000)
  eden space 262464K, 99% used [0x00000007d6d60000,0x00000007e6d3d248,0x00000007e6db0000)
  from space 32896K, 70% used [0x00000007e6db0000,0x00000007e8463790,0x00000007e8dd0000)
  to   space 33408K, 0% used [0x00000007ebea0000,0x00000007ebea0000,0x00000007edf40000)
 ParOldGen       total 100096K, used 83222K [0x0000000784800000, 0x000000078a9c0000, 0x00000007d6d60000)
  object space 100096K, 83% used [0x0000000784800000,0x0000000789945b70,0x000000078a9c0000)
 PSPermGen       total 56000K, used 28750K [0x000000077a200000, 0x000000077d8b0000, 0x0000000784800000)
  object space 56000K, 51% used [0x000000077a200000,0x000000077be13950,0x000000077d8b0000)
Event: 16066.234 GC heap after
Heap after GC invocations=281 (full 5):
 PSYoungGen      total 344640K, used 24382K [0x00000007d6d60000, 0x00000007ee030000, 0x0000000800000000)
  eden space 311232K, 0% used [0x00000007d6d60000,0x00000007d6d60000,0x00000007e9d50000)
  from space 33408K, 72% used [0x00000007ebea0000,0x00000007ed66fae0,0x00000007edf40000)
  to   space 34112K, 0% used [0x00000007e9d50000,0x00000007e9d50000,0x00000007ebea0000)
 ParOldGen       total 100096K, used 84788K [0x0000000784800000, 0x000000078a9c0000, 0x00000007d6d60000)
  object space 100096K, 84% used [0x0000000784800000,0x0000000789acd368,0x000000078a9c0000)
 PSPermGen       total 56000K, used 28750K [0x000000077a200000, 0x000000077d8b0000, 0x0000000784800000)
  object space 56000K, 51% used [0x000000077a200000,0x000000077be13950,0x000000077d8b0000)
}

